Restore Archived Project report for ex4_buttonsToLEDs
Mon May 22 18:56:22 2023
Quartus Prime Version 21.1.1 Build 850 06/23/2022 SJ Lite Edition


---------------------
; Table of Contents ;
---------------------
  1. Legal Notice
  2. Restore Archived Project Summary
  3. Restore Archived Project Messages
  4. Files Restored
  5. Files Not Restored



----------------
; Legal Notice ;
----------------
Copyright (C) 2022  Intel Corporation. All rights reserved.
Your use of Intel Corporation's design tools, logic functions 
and other software and tools, and any partner logic 
functions, and any output files from any of the foregoing 
(including device programming or simulation files), and any 
associated documentation or information are expressly subject 
to the terms and conditions of the Intel Program License 
Subscription Agreement, the Intel Quartus Prime License Agreement,
the Intel FPGA IP License Agreement, or other applicable license
agreement, including, without limitation, that your use is for
the sole purpose of programming logic devices manufactured by
Intel and sold by Intel or its authorized distributors.  Please
refer to the applicable agreement for further details, at
https://fpgasoftware.intel.com/eula.



+-------------------------------------------------------------------------+
; Restore Archived Project Summary                                        ;
+---------------------------------+---------------------------------------+
; Restore Archived Project Status ; Successful - Mon May 22 18:56:22 2023 ;
; Revision Name                   ; ex4_buttonsToLEDs                     ;
; Top-level Entity Name           ; ex4_buttonsToLEDs                     ;
; Family                          ; Cyclone IV E                          ;
+---------------------------------+---------------------------------------+


+-----------------------------------+
; Restore Archived Project Messages ;
+-----------------------------------+
Info: Successfully restored '/home/lettner/OneDrive/Studium/Studium_Module/Hardware Praktikum/ex04/ex4buttonsToLEDs.qar' into the '/home/lettner/OneDrive/Studium/Studium_Module/Hardware Praktikum/ex04/ex4buttonsToLEDs_restored/' directory
Info: Generated report 'ex4_buttonsToLEDs.restore.rpt'
Info (23030): Evaluation of Tcl script /opt/intelFPGA/21.1/quartus/common/tcl/apps/qpm/qar.tcl was successful
Info: Quartus Prime Shell was successful. 0 errors, 0 warnings
    Info: Peak virtual memory: 590 megabytes
    Info: Processing ended: Mon May 22 18:56:22 2023
    Info: Elapsed time: 00:00:01
    Info: Total CPU time (on all processors): 00:00:00


+-------------------------------------------+
; Files Restored                            ;
+-------------------------------------------+
; File Name                                 ;
+-------------------------------------------+
; qar_info.json                             ;
; assignment_defaults.qdf                   ;
; ex4_buttonsToLEDs.bdf                     ;
; ex4_buttonsToLEDs.qpf                     ;
; ex4_buttonsToLEDs.qsf                     ;
; ex4_buttonsToLEDs_assignment_defaults.qdf ;
; vhdl/adcReader.vhd                        ;
; vhdl/analogToButtons.vhd                  ;
; vhdl/binaryToDecimal.vhd                  ;
; vhdl/dataToLcd.vhd                        ;
; vhdl/lcd_driver.vhd                       ;
+-------------------------------------------+


+--------------------+
; Files Not Restored ;
+--------------------+
; File Name          ;
+--------------------+


