Analysis & Synthesis report for Ultrasound_controller
Tue Jun 13 00:35:53 2023
Quartus Prime Version 21.1.1 Build 850 06/23/2022 SJ Lite Edition


---------------------
; Table of Contents ;
---------------------
  1. Legal Notice
  2. Analysis & Synthesis Summary
  3. Analysis & Synthesis Settings
  4. Parallel Compilation
  5. Analysis & Synthesis Source Files Read
  6. Analysis & Synthesis Resource Usage Summary
  7. Analysis & Synthesis Resource Utilization by Entity
  8. State Machine - |ultrasound_reader|ultrasound_controller:inst1|ctrl_state
  9. State Machine - |ultrasound_reader|dataToLcd:inst4|state
 10. State Machine - |ultrasound_reader|lcd_driver2:inst5|state
 11. Registers Removed During Synthesis
 12. Removed Registers Triggering Further Register Optimizations
 13. General Register Statistics
 14. Inverted Register Statistics
 15. Multiplexer Restructuring Statistics (Restructuring Performed)
 16. Post-Synthesis Netlist Statistics for Top Partition
 17. Elapsed Time Per Partition
 18. Analysis & Synthesis Messages



----------------
; Legal Notice ;
----------------
Copyright (C) 2022  Intel Corporation. All rights reserved.
Your use of Intel Corporation's design tools, logic functions 
and other software and tools, and any partner logic 
functions, and any output files from any of the foregoing 
(including device programming or simulation files), and any 
associated documentation or information are expressly subject 
to the terms and conditions of the Intel Program License 
Subscription Agreement, the Intel Quartus Prime License Agreement,
the Intel FPGA IP License Agreement, or other applicable license
agreement, including, without limitation, that your use is for
the sole purpose of programming logic devices manufactured by
Intel and sold by Intel or its authorized distributors.  Please
refer to the applicable agreement for further details, at
https://fpgasoftware.intel.com/eula.



+----------------------------------------------------------------------------------+
; Analysis & Synthesis Summary                                                     ;
+------------------------------------+---------------------------------------------+
; Analysis & Synthesis Status        ; Successful - Tue Jun 13 00:35:53 2023       ;
; Quartus Prime Version              ; 21.1.1 Build 850 06/23/2022 SJ Lite Edition ;
; Revision Name                      ; Ultrasound_controller                       ;
; Top-level Entity Name              ; ultrasound_reader                           ;
; Family                             ; Cyclone IV E                                ;
; Total logic elements               ; 654                                         ;
;     Total combinational functions  ; 629                                         ;
;     Dedicated logic registers      ; 289                                         ;
; Total registers                    ; 289                                         ;
; Total pins                         ; 13                                          ;
; Total virtual pins                 ; 0                                           ;
; Total memory bits                  ; 0                                           ;
; Embedded Multiplier 9-bit elements ; 0                                           ;
; Total PLLs                         ; 0                                           ;
+------------------------------------+---------------------------------------------+


+---------------------------------------------------------------------------------------------------------------+
; Analysis & Synthesis Settings                                                                                 ;
+------------------------------------------------------------------+--------------------+-----------------------+
; Option                                                           ; Setting            ; Default Value         ;
+------------------------------------------------------------------+--------------------+-----------------------+
; Device                                                           ; EP4CE22F17C6       ;                       ;
; Top-level entity name                                            ; ultrasound_reader  ; Ultrasound_controller ;
; Family name                                                      ; Cyclone IV E       ; Cyclone V             ;
; Use smart compilation                                            ; Off                ; Off                   ;
; Enable parallel Assembler and Timing Analyzer during compilation ; On                 ; On                    ;
; Enable compact report table                                      ; Off                ; Off                   ;
; Restructure Multiplexers                                         ; Auto               ; Auto                  ;
; Create Debugging Nodes for IP Cores                              ; Off                ; Off                   ;
; Preserve fewer node names                                        ; On                 ; On                    ;
; Intel FPGA IP Evaluation Mode                                    ; Enable             ; Enable                ;
; Verilog Version                                                  ; Verilog_2001       ; Verilog_2001          ;
; VHDL Version                                                     ; VHDL_1993          ; VHDL_1993             ;
; State Machine Processing                                         ; Auto               ; Auto                  ;
; Safe State Machine                                               ; Off                ; Off                   ;
; Extract Verilog State Machines                                   ; On                 ; On                    ;
; Extract VHDL State Machines                                      ; On                 ; On                    ;
; Ignore Verilog initial constructs                                ; Off                ; Off                   ;
; Iteration limit for constant Verilog loops                       ; 5000               ; 5000                  ;
; Iteration limit for non-constant Verilog loops                   ; 250                ; 250                   ;
; Add Pass-Through Logic to Inferred RAMs                          ; On                 ; On                    ;
; Infer RAMs from Raw Logic                                        ; On                 ; On                    ;
; Parallel Synthesis                                               ; On                 ; On                    ;
; DSP Block Balancing                                              ; Auto               ; Auto                  ;
; NOT Gate Push-Back                                               ; On                 ; On                    ;
; Power-Up Don't Care                                              ; On                 ; On                    ;
; Remove Redundant Logic Cells                                     ; Off                ; Off                   ;
; Remove Duplicate Registers                                       ; On                 ; On                    ;
; Ignore CARRY Buffers                                             ; Off                ; Off                   ;
; Ignore CASCADE Buffers                                           ; Off                ; Off                   ;
; Ignore GLOBAL Buffers                                            ; Off                ; Off                   ;
; Ignore ROW GLOBAL Buffers                                        ; Off                ; Off                   ;
; Ignore LCELL Buffers                                             ; Off                ; Off                   ;
; Ignore SOFT Buffers                                              ; On                 ; On                    ;
; Limit AHDL Integers to 32 Bits                                   ; Off                ; Off                   ;
; Optimization Technique                                           ; Balanced           ; Balanced              ;
; Carry Chain Length                                               ; 70                 ; 70                    ;
; Auto Carry Chains                                                ; On                 ; On                    ;
; Auto Open-Drain Pins                                             ; On                 ; On                    ;
; Perform WYSIWYG Primitive Resynthesis                            ; Off                ; Off                   ;
; Auto ROM Replacement                                             ; On                 ; On                    ;
; Auto RAM Replacement                                             ; On                 ; On                    ;
; Auto DSP Block Replacement                                       ; On                 ; On                    ;
; Auto Shift Register Replacement                                  ; Auto               ; Auto                  ;
; Allow Shift Register Merging across Hierarchies                  ; Auto               ; Auto                  ;
; Auto Clock Enable Replacement                                    ; On                 ; On                    ;
; Strict RAM Replacement                                           ; Off                ; Off                   ;
; Allow Synchronous Control Signals                                ; On                 ; On                    ;
; Force Use of Synchronous Clear Signals                           ; Off                ; Off                   ;
; Auto RAM Block Balancing                                         ; On                 ; On                    ;
; Auto RAM to Logic Cell Conversion                                ; Off                ; Off                   ;
; Auto Resource Sharing                                            ; Off                ; Off                   ;
; Allow Any RAM Size For Recognition                               ; Off                ; Off                   ;
; Allow Any ROM Size For Recognition                               ; Off                ; Off                   ;
; Allow Any Shift Register Size For Recognition                    ; Off                ; Off                   ;
; Use LogicLock Constraints during Resource Balancing              ; On                 ; On                    ;
; Ignore translate_off and synthesis_off directives                ; Off                ; Off                   ;
; Timing-Driven Synthesis                                          ; On                 ; On                    ;
; Report Parameter Settings                                        ; On                 ; On                    ;
; Report Source Assignments                                        ; On                 ; On                    ;
; Report Connectivity Checks                                       ; On                 ; On                    ;
; Ignore Maximum Fan-Out Assignments                               ; Off                ; Off                   ;
; Synchronization Register Chain Length                            ; 2                  ; 2                     ;
; Power Optimization During Synthesis                              ; Normal compilation ; Normal compilation    ;
; HDL message level                                                ; Level2             ; Level2                ;
; Suppress Register Optimization Related Messages                  ; Off                ; Off                   ;
; Number of Removed Registers Reported in Synthesis Report         ; 5000               ; 5000                  ;
; Number of Swept Nodes Reported in Synthesis Report               ; 5000               ; 5000                  ;
; Number of Inverted Registers Reported in Synthesis Report        ; 100                ; 100                   ;
; Clock MUX Protection                                             ; On                 ; On                    ;
; Auto Gated Clock Conversion                                      ; Off                ; Off                   ;
; Block Design Naming                                              ; Auto               ; Auto                  ;
; SDC constraint protection                                        ; Off                ; Off                   ;
; Synthesis Effort                                                 ; Auto               ; Auto                  ;
; Shift Register Replacement - Allow Asynchronous Clear Signal     ; On                 ; On                    ;
; Pre-Mapping Resynthesis Optimization                             ; Off                ; Off                   ;
; Analysis & Synthesis Message Level                               ; Medium             ; Medium                ;
; Disable Register Merging Across Hierarchies                      ; Auto               ; Auto                  ;
; Resource Aware Inference For Block RAM                           ; On                 ; On                    ;
+------------------------------------------------------------------+--------------------+-----------------------+


+------------------------------------------+
; Parallel Compilation                     ;
+----------------------------+-------------+
; Processors                 ; Number      ;
+----------------------------+-------------+
; Number detected on machine ; 8           ;
; Maximum allowed            ; 4           ;
;                            ;             ;
; Average used               ; 1.00        ;
; Maximum used               ; 4           ;
;                            ;             ;
; Usage by Processor         ; % Time Used ;
;     Processor 1            ; 100.0%      ;
;     Processor 2            ;   0.0%      ;
;     Processor 3            ;   0.0%      ;
;     Processor 4            ;   0.0%      ;
+----------------------------+-------------+


+---------------------------------------------------------------------------------------------------------------------------------------------------------------------------------------------------------------------------------------------+
; Analysis & Synthesis Source Files Read                                                                                                                                                                                                      ;
+----------------------------------+-----------------+------------------------------------+-----------------------------------------------------------------------------------------------------------------------------------------+---------+
; File Name with User-Entered Path ; Used in Netlist ; File Type                          ; File Name with Absolute Path                                                                                                            ; Library ;
+----------------------------------+-----------------+------------------------------------+-----------------------------------------------------------------------------------------------------------------------------------------+---------+
; vhdl/lcd_driver2.vhd             ; yes             ; User VHDL File                     ; /home/lettner/OneDrive/Studium/Studium_Module/Hardwarepraktikum_2023/ex06/ultrasound_controller_restored/vhdl/lcd_driver2.vhd           ;         ;
; vhdl/dataToLcd.vhd               ; yes             ; User VHDL File                     ; /home/lettner/OneDrive/Studium/Studium_Module/Hardwarepraktikum_2023/ex06/ultrasound_controller_restored/vhdl/dataToLcd.vhd             ;         ;
; vhdl/ultrasound_controller.vhd   ; yes             ; User VHDL File                     ; /home/lettner/OneDrive/Studium/Studium_Module/Hardwarepraktikum_2023/ex06/ultrasound_controller_restored/vhdl/ultrasound_controller.vhd ;         ;
; vhdl/controller.vhd              ; yes             ; User VHDL File                     ; /home/lettner/OneDrive/Studium/Studium_Module/Hardwarepraktikum_2023/ex06/ultrasound_controller_restored/vhdl/controller.vhd            ;         ;
; block/ultrasound_reader.bdf      ; yes             ; User Block Diagram/Schematic File  ; /home/lettner/OneDrive/Studium/Studium_Module/Hardwarepraktikum_2023/ex06/ultrasound_controller_restored/block/ultrasound_reader.bdf    ;         ;
+----------------------------------+-----------------+------------------------------------+-----------------------------------------------------------------------------------------------------------------------------------------+---------+


+------------------------------------------------------------+
; Analysis & Synthesis Resource Usage Summary                ;
+---------------------------------------------+--------------+
; Resource                                    ; Usage        ;
+---------------------------------------------+--------------+
; Estimated Total logic elements              ; 654          ;
;                                             ;              ;
; Total combinational functions               ; 629          ;
; Logic element usage by number of LUT inputs ;              ;
;     -- 4 input functions                    ; 288          ;
;     -- 3 input functions                    ; 72           ;
;     -- <=2 input functions                  ; 269          ;
;                                             ;              ;
; Logic elements by mode                      ;              ;
;     -- normal mode                          ; 421          ;
;     -- arithmetic mode                      ; 208          ;
;                                             ;              ;
; Total registers                             ; 289          ;
;     -- Dedicated logic registers            ; 289          ;
;     -- I/O registers                        ; 0            ;
;                                             ;              ;
; I/O pins                                    ; 13           ;
;                                             ;              ;
; Embedded Multiplier 9-bit elements          ; 0            ;
;                                             ;              ;
; Maximum fan-out node                        ; clk_50~input ;
; Maximum fan-out                             ; 289          ;
; Total fan-out                               ; 2814         ;
; Average fan-out                             ; 2.98         ;
+---------------------------------------------+--------------+


+-----------------------------------------------------------------------------------------------------------------------------------------------------------------------------------------------------------------------------------------------------+
; Analysis & Synthesis Resource Utilization by Entity                                                                                                                                                                                                 ;
+----------------------------------+---------------------+---------------------------+-------------+--------------+---------+-----------+------+--------------+------------------------------------------------+-----------------------+--------------+
; Compilation Hierarchy Node       ; Combinational ALUTs ; Dedicated Logic Registers ; Memory Bits ; DSP Elements ; DSP 9x9 ; DSP 18x18 ; Pins ; Virtual Pins ; Full Hierarchy Name                            ; Entity Name           ; Library Name ;
+----------------------------------+---------------------+---------------------------+-------------+--------------+---------+-----------+------+--------------+------------------------------------------------+-----------------------+--------------+
; |ultrasound_reader               ; 629 (1)             ; 289 (0)                   ; 0           ; 0            ; 0       ; 0         ; 13   ; 0            ; |ultrasound_reader                             ; ultrasound_reader     ; work         ;
;    |controller:inst|             ; 38 (38)             ; 20 (20)                   ; 0           ; 0            ; 0       ; 0         ; 0    ; 0            ; |ultrasound_reader|controller:inst             ; controller            ; work         ;
;    |dataToLcd:inst4|             ; 279 (279)           ; 109 (109)                 ; 0           ; 0            ; 0       ; 0         ; 0    ; 0            ; |ultrasound_reader|dataToLcd:inst4             ; dataToLcd             ; work         ;
;    |lcd_driver2:inst5|           ; 193 (193)           ; 92 (92)                   ; 0           ; 0            ; 0       ; 0         ; 0    ; 0            ; |ultrasound_reader|lcd_driver2:inst5           ; lcd_driver2           ; work         ;
;    |ultrasound_controller:inst1| ; 118 (118)           ; 68 (68)                   ; 0           ; 0            ; 0       ; 0         ; 0    ; 0            ; |ultrasound_reader|ultrasound_controller:inst1 ; ultrasound_controller ; work         ;
+----------------------------------+---------------------+---------------------------+-------------+--------------+---------+-----------+------+--------------+------------------------------------------------+-----------------------+--------------+
Note: For table entries with two numbers listed, the numbers in parentheses indicate the number of resources of the given type used by the specific entity alone. The numbers listed outside of parentheses indicate the total resources of the given type used by the specific entity and all of its sub-entities in the hierarchy.


Encoding Type:  One-Hot
+--------------------------------------------------------------------------------------------------------------------------------------------------------------------------------------------------------------------+
; State Machine - |ultrasound_reader|ultrasound_controller:inst1|ctrl_state                                                                                                                                          ;
+-----------------------------+----------------------+------------------------+-----------------------+---------------------------+----------------------------+-----------------------------+-----------------------+
; Name                        ; ctrl_state.STATE_FIN ; ctrl_state.STATE_COUNT ; ctrl_state.STATE_WAIT ; ctrl_state.STATE_SEND_FIN ; ctrl_state.STATE_SEND_HIGH ; ctrl_state.STATE_SEND_START ; ctrl_state.STATE_INIT ;
+-----------------------------+----------------------+------------------------+-----------------------+---------------------------+----------------------------+-----------------------------+-----------------------+
; ctrl_state.STATE_INIT       ; 0                    ; 0                      ; 0                     ; 0                         ; 0                          ; 0                           ; 0                     ;
; ctrl_state.STATE_SEND_START ; 0                    ; 0                      ; 0                     ; 0                         ; 0                          ; 1                           ; 1                     ;
; ctrl_state.STATE_SEND_HIGH  ; 0                    ; 0                      ; 0                     ; 0                         ; 1                          ; 0                           ; 1                     ;
; ctrl_state.STATE_SEND_FIN   ; 0                    ; 0                      ; 0                     ; 1                         ; 0                          ; 0                           ; 1                     ;
; ctrl_state.STATE_WAIT       ; 0                    ; 0                      ; 1                     ; 0                         ; 0                          ; 0                           ; 1                     ;
; ctrl_state.STATE_COUNT      ; 0                    ; 1                      ; 0                     ; 0                         ; 0                          ; 0                           ; 1                     ;
; ctrl_state.STATE_FIN        ; 1                    ; 0                      ; 0                     ; 0                         ; 0                          ; 0                           ; 1                     ;
+-----------------------------+----------------------+------------------------+-----------------------+---------------------------+----------------------------+-----------------------------+-----------------------+


Encoding Type:  One-Hot
+----------------------------------------------------------+
; State Machine - |ultrasound_reader|dataToLcd:inst4|state ;
+--------------+-------------+------------+----------------+
; Name         ; state.pause ; state.init ; state.update   ;
+--------------+-------------+------------+----------------+
; state.update ; 0           ; 0          ; 0              ;
; state.init   ; 0           ; 1          ; 1              ;
; state.pause  ; 1           ; 0          ; 1              ;
+--------------+-------------+------------+----------------+


Encoding Type:  One-Hot
+---------------------------------------------------------------------------------------------------------------------------------------------------------------------------------------------------------------------------------------------------------------------------------------------------+
; State Machine - |ultrasound_reader|lcd_driver2:inst5|state                                                                                                                                                                                                                                        ;
+----------------------+-------------------+----------------------+-------------+-------------------+-------------------+-------------------+-------------------+-------------------+-------------+-------------+-------------+-------------+-------------+-------------+-------------+-------------+
; Name                 ; state.sendingData ; state.sendingAddress ; state.ready ; state.createChar5 ; state.createChar4 ; state.createChar3 ; state.createChar2 ; state.createChar1 ; state.init7 ; state.init6 ; state.init5 ; state.init4 ; state.init3 ; state.init2 ; state.init1 ; state.init0 ;
+----------------------+-------------------+----------------------+-------------+-------------------+-------------------+-------------------+-------------------+-------------------+-------------+-------------+-------------+-------------+-------------+-------------+-------------+-------------+
; state.init0          ; 0                 ; 0                    ; 0           ; 0                 ; 0                 ; 0                 ; 0                 ; 0                 ; 0           ; 0           ; 0           ; 0           ; 0           ; 0           ; 0           ; 0           ;
; state.init1          ; 0                 ; 0                    ; 0           ; 0                 ; 0                 ; 0                 ; 0                 ; 0                 ; 0           ; 0           ; 0           ; 0           ; 0           ; 0           ; 1           ; 1           ;
; state.init2          ; 0                 ; 0                    ; 0           ; 0                 ; 0                 ; 0                 ; 0                 ; 0                 ; 0           ; 0           ; 0           ; 0           ; 0           ; 1           ; 0           ; 1           ;
; state.init3          ; 0                 ; 0                    ; 0           ; 0                 ; 0                 ; 0                 ; 0                 ; 0                 ; 0           ; 0           ; 0           ; 0           ; 1           ; 0           ; 0           ; 1           ;
; state.init4          ; 0                 ; 0                    ; 0           ; 0                 ; 0                 ; 0                 ; 0                 ; 0                 ; 0           ; 0           ; 0           ; 1           ; 0           ; 0           ; 0           ; 1           ;
; state.init5          ; 0                 ; 0                    ; 0           ; 0                 ; 0                 ; 0                 ; 0                 ; 0                 ; 0           ; 0           ; 1           ; 0           ; 0           ; 0           ; 0           ; 1           ;
; state.init6          ; 0                 ; 0                    ; 0           ; 0                 ; 0                 ; 0                 ; 0                 ; 0                 ; 0           ; 1           ; 0           ; 0           ; 0           ; 0           ; 0           ; 1           ;
; state.init7          ; 0                 ; 0                    ; 0           ; 0                 ; 0                 ; 0                 ; 0                 ; 0                 ; 1           ; 0           ; 0           ; 0           ; 0           ; 0           ; 0           ; 1           ;
; state.createChar1    ; 0                 ; 0                    ; 0           ; 0                 ; 0                 ; 0                 ; 0                 ; 1                 ; 0           ; 0           ; 0           ; 0           ; 0           ; 0           ; 0           ; 1           ;
; state.createChar2    ; 0                 ; 0                    ; 0           ; 0                 ; 0                 ; 0                 ; 1                 ; 0                 ; 0           ; 0           ; 0           ; 0           ; 0           ; 0           ; 0           ; 1           ;
; state.createChar3    ; 0                 ; 0                    ; 0           ; 0                 ; 0                 ; 1                 ; 0                 ; 0                 ; 0           ; 0           ; 0           ; 0           ; 0           ; 0           ; 0           ; 1           ;
; state.createChar4    ; 0                 ; 0                    ; 0           ; 0                 ; 1                 ; 0                 ; 0                 ; 0                 ; 0           ; 0           ; 0           ; 0           ; 0           ; 0           ; 0           ; 1           ;
; state.createChar5    ; 0                 ; 0                    ; 0           ; 1                 ; 0                 ; 0                 ; 0                 ; 0                 ; 0           ; 0           ; 0           ; 0           ; 0           ; 0           ; 0           ; 1           ;
; state.ready          ; 0                 ; 0                    ; 1           ; 0                 ; 0                 ; 0                 ; 0                 ; 0                 ; 0           ; 0           ; 0           ; 0           ; 0           ; 0           ; 0           ; 1           ;
; state.sendingAddress ; 0                 ; 1                    ; 0           ; 0                 ; 0                 ; 0                 ; 0                 ; 0                 ; 0           ; 0           ; 0           ; 0           ; 0           ; 0           ; 0           ; 1           ;
; state.sendingData    ; 1                 ; 0                    ; 0           ; 0                 ; 0                 ; 0                 ; 0                 ; 0                 ; 0           ; 0           ; 0           ; 0           ; 0           ; 0           ; 0           ; 1           ;
+----------------------+-------------------+----------------------+-------------+-------------------+-------------------+-------------------+-------------------+-------------------+-------------+-------------+-------------+-------------+-------------+-------------+-------------+-------------+


+--------------------------------------------------------------------------------+
; Registers Removed During Synthesis                                             ;
+---------------------------------------+----------------------------------------+
; Register name                         ; Reason for Removal                     ;
+---------------------------------------+----------------------------------------+
; dataToLcd:inst4|lcd_data[7]           ; Stuck at GND due to stuck port data_in ;
; lcd_driver2:inst5|dataStorage[7]      ; Stuck at GND due to stuck port data_in ;
; dataToLcd:inst4|data_3_storage[0]     ; Stuck at GND due to stuck port data_in ;
; dataToLcd:inst4|data_2_storage[0]     ; Stuck at GND due to stuck port data_in ;
; dataToLcd:inst4|state.init            ; Stuck at GND due to stuck port data_in ;
; Total Number of Removed Registers = 5 ;                                        ;
+---------------------------------------+----------------------------------------+


+--------------------------------------------------------------------------------------------------+
; Removed Registers Triggering Further Register Optimizations                                      ;
+-----------------------------+---------------------------+----------------------------------------+
; Register name               ; Reason for Removal        ; Registers Removed due to This Register ;
+-----------------------------+---------------------------+----------------------------------------+
; dataToLcd:inst4|lcd_data[7] ; Stuck at GND              ; lcd_driver2:inst5|dataStorage[7]       ;
;                             ; due to stuck port data_in ;                                        ;
+-----------------------------+---------------------------+----------------------------------------+


+------------------------------------------------------+
; General Register Statistics                          ;
+----------------------------------------------+-------+
; Statistic                                    ; Value ;
+----------------------------------------------+-------+
; Total registers                              ; 289   ;
; Number of registers using Synchronous Clear  ; 141   ;
; Number of registers using Synchronous Load   ; 31    ;
; Number of registers using Asynchronous Clear ; 0     ;
; Number of registers using Asynchronous Load  ; 0     ;
; Number of registers using Clock Enable       ; 134   ;
; Number of registers using Preset             ; 0     ;
+----------------------------------------------+-------+


+--------------------------------------------------+
; Inverted Register Statistics                     ;
+----------------------------------------+---------+
; Inverted Register                      ; Fan out ;
+----------------------------------------+---------+
; lcd_driver2:inst5|dataStorage[6]       ; 1       ;
; lcd_driver2:inst5|dataStorage[5]       ; 1       ;
; lcd_driver2:inst5|dataStorage[2]       ; 1       ;
; lcd_driver2:inst5|dataStorage[1]       ; 1       ;
; Total number of inverted registers = 4 ;         ;
+----------------------------------------+---------+


+----------------------------------------------------------------------------------------------------------------------------------------------------------------------------------+
; Multiplexer Restructuring Statistics (Restructuring Performed)                                                                                                                   ;
+--------------------+-----------+---------------+----------------------+------------------------+------------+--------------------------------------------------------------------+
; Multiplexer Inputs ; Bus Width ; Baseline Area ; Area if Restructured ; Saving if Restructured ; Registered ; Example Multiplexer Output                                         ;
+--------------------+-----------+---------------+----------------------+------------------------+------------+--------------------------------------------------------------------+
; 4:1                ; 2 bits    ; 4 LEs         ; 2 LEs                ; 2 LEs                  ; Yes        ; |ultrasound_reader|dataToLcd:inst4|lineCount[1]                    ;
; 4:1                ; 31 bits   ; 62 LEs        ; 31 LEs               ; 31 LEs                 ; Yes        ; |ultrasound_reader|lcd_driver2:inst5|charCreationCounter[23]       ;
; 4:1                ; 7 bits    ; 14 LEs        ; 14 LEs               ; 0 LEs                  ; Yes        ; |ultrasound_reader|dataToLcd:inst4|data_1_storage[6]               ;
; 4:1                ; 7 bits    ; 14 LEs        ; 7 LEs                ; 7 LEs                  ; Yes        ; |ultrasound_reader|dataToLcd:inst4|data_3_storage[1]               ;
; 4:1                ; 7 bits    ; 14 LEs        ; 7 LEs                ; 7 LEs                  ; Yes        ; |ultrasound_reader|dataToLcd:inst4|data_2_storage[4]               ;
; 6:1                ; 5 bits    ; 20 LEs        ; 5 LEs                ; 15 LEs                 ; Yes        ; |ultrasound_reader|dataToLcd:inst4|charCount[3]                    ;
; 6:1                ; 31 bits   ; 124 LEs       ; 31 LEs               ; 93 LEs                 ; Yes        ; |ultrasound_reader|dataToLcd:inst4|counter[5]                      ;
; 5:1                ; 8 bits    ; 24 LEs        ; 8 LEs                ; 16 LEs                 ; Yes        ; |ultrasound_reader|ultrasound_controller:inst1|distance_counter[3] ;
; 6:1                ; 21 bits   ; 84 LEs        ; 21 LEs               ; 63 LEs                 ; Yes        ; |ultrasound_reader|ultrasound_controller:inst1|counter_high[20]    ;
; 9:1                ; 21 bits   ; 126 LEs       ; 21 LEs               ; 105 LEs                ; Yes        ; |ultrasound_reader|ultrasound_controller:inst1|counter[17]         ;
; 17:1               ; 31 bits   ; 341 LEs       ; 31 LEs               ; 310 LEs                ; Yes        ; |ultrasound_reader|lcd_driver2:inst5|counter[12]                   ;
; 3:1                ; 2 bits    ; 4 LEs         ; 2 LEs                ; 2 LEs                  ; No         ; |ultrasound_reader|dataToLcd:inst4|lcd_data                        ;
; 3:1                ; 2 bits    ; 4 LEs         ; 4 LEs                ; 0 LEs                  ; No         ; |ultrasound_reader|dataToLcd:inst4|state                           ;
; 9:1                ; 4 bits    ; 24 LEs        ; 16 LEs               ; 8 LEs                  ; No         ; |ultrasound_reader|ultrasound_controller:inst1|Selector5           ;
; 14:1               ; 11 bits   ; 99 LEs        ; 88 LEs               ; 11 LEs                 ; No         ; |ultrasound_reader|lcd_driver2:inst5|state                         ;
; 21:1               ; 7 bits    ; 98 LEs        ; 98 LEs               ; 0 LEs                  ; No         ; |ultrasound_reader|lcd_driver2:inst5|dataOut[1]                    ;
+--------------------+-----------+---------------+----------------------+------------------------+------------+--------------------------------------------------------------------+


+-----------------------------------------------------+
; Post-Synthesis Netlist Statistics for Top Partition ;
+-----------------------+-----------------------------+
; Type                  ; Count                       ;
+-----------------------+-----------------------------+
; boundary_port         ; 13                          ;
; cycloneiii_ff         ; 289                         ;
;     ENA               ; 55                          ;
;     ENA SCLR          ; 79                          ;
;     SCLR              ; 62                          ;
;     SLD               ; 31                          ;
;     plain             ; 62                          ;
; cycloneiii_io_obuf    ; 1                           ;
; cycloneiii_lcell_comb ; 630                         ;
;     arith             ; 208                         ;
;         2 data inputs ; 208                         ;
;     normal            ; 422                         ;
;         0 data inputs ; 1                           ;
;         1 data inputs ; 18                          ;
;         2 data inputs ; 43                          ;
;         3 data inputs ; 72                          ;
;         4 data inputs ; 288                         ;
;                       ;                             ;
; Max LUT depth         ; 8.00                        ;
; Average LUT depth     ; 4.38                        ;
+-----------------------+-----------------------------+


+-------------------------------+
; Elapsed Time Per Partition    ;
+----------------+--------------+
; Partition Name ; Elapsed Time ;
+----------------+--------------+
; Top            ; 00:00:01     ;
+----------------+--------------+


+-------------------------------+
; Analysis & Synthesis Messages ;
+-------------------------------+
Info: *******************************************************************
Info: Running Quartus Prime Analysis & Synthesis
    Info: Version 21.1.1 Build 850 06/23/2022 SJ Lite Edition
    Info: Processing started: Tue Jun 13 00:35:47 2023
Info: Command: quartus_map --read_settings_files=on --write_settings_files=off Ultrasound_controller -c Ultrasound_controller
Warning (18236): Number of processors has not been specified which may cause overloading on shared machines.  Set the global assignment NUM_PARALLEL_PROCESSORS in your QSF to an appropriate value for best performance.
Info (20030): Parallel compilation is enabled and will use 4 of the 4 processors detected
Info (12021): Found 2 design units, including 1 entities, in source file vhdl/lcd_driver2.vhd
    Info (12022): Found design unit 1: lcd_driver2-behavior File: /home/lettner/OneDrive/Studium/Studium_Module/Hardwarepraktikum_2023/ex06/ultrasound_controller_restored/vhdl/lcd_driver2.vhd Line: 34
    Info (12023): Found entity 1: lcd_driver2 File: /home/lettner/OneDrive/Studium/Studium_Module/Hardwarepraktikum_2023/ex06/ultrasound_controller_restored/vhdl/lcd_driver2.vhd Line: 12
Info (12021): Found 2 design units, including 1 entities, in source file vhdl/dataToLcd.vhd
    Info (12022): Found design unit 1: dataToLcd-behavior File: /home/lettner/OneDrive/Studium/Studium_Module/Hardwarepraktikum_2023/ex06/ultrasound_controller_restored/vhdl/dataToLcd.vhd Line: 29
    Info (12023): Found entity 1: dataToLcd File: /home/lettner/OneDrive/Studium/Studium_Module/Hardwarepraktikum_2023/ex06/ultrasound_controller_restored/vhdl/dataToLcd.vhd Line: 10
Info (12021): Found 2 design units, including 1 entities, in source file vhdl/ultrasound_controller.vhd
    Info (12022): Found design unit 1: ultrasound_controller-behavior File: /home/lettner/OneDrive/Studium/Studium_Module/Hardwarepraktikum_2023/ex06/ultrasound_controller_restored/vhdl/ultrasound_controller.vhd Line: 15
    Info (12023): Found entity 1: ultrasound_controller File: /home/lettner/OneDrive/Studium/Studium_Module/Hardwarepraktikum_2023/ex06/ultrasound_controller_restored/vhdl/ultrasound_controller.vhd Line: 5
Info (12021): Found 2 design units, including 1 entities, in source file vhdl/controller.vhd
    Info (12022): Found design unit 1: controller-behavior File: /home/lettner/OneDrive/Studium/Studium_Module/Hardwarepraktikum_2023/ex06/ultrasound_controller_restored/vhdl/controller.vhd Line: 20
    Info (12023): Found entity 1: controller File: /home/lettner/OneDrive/Studium/Studium_Module/Hardwarepraktikum_2023/ex06/ultrasound_controller_restored/vhdl/controller.vhd Line: 6
Info (12021): Found 1 design units, including 1 entities, in source file block/ultrasound_reader.bdf
    Info (12023): Found entity 1: ultrasound_reader
Info (12127): Elaborating entity "ultrasound_reader" for the top level hierarchy
Info (12128): Elaborating entity "lcd_driver2" for hierarchy "lcd_driver2:inst5"
Info (12128): Elaborating entity "dataToLcd" for hierarchy "dataToLcd:inst4"
Info (12128): Elaborating entity "ultrasound_controller" for hierarchy "ultrasound_controller:inst1"
Info (12128): Elaborating entity "controller" for hierarchy "controller:inst"
Warning (10541): VHDL Signal Declaration warning at controller.vhd(14): used implicit default value for signal "enable_2" because signal was never assigned a value or an explicit default value. Use of implicit default value may introduce unintended design optimizations. File: /home/lettner/OneDrive/Studium/Studium_Module/Hardwarepraktikum_2023/ex06/ultrasound_controller_restored/vhdl/controller.vhd Line: 14
Warning (10541): VHDL Signal Declaration warning at controller.vhd(15): used implicit default value for signal "enable_3" because signal was never assigned a value or an explicit default value. Use of implicit default value may introduce unintended design optimizations. File: /home/lettner/OneDrive/Studium/Studium_Module/Hardwarepraktikum_2023/ex06/ultrasound_controller_restored/vhdl/controller.vhd Line: 15
Warning (13024): Output pins are stuck at VCC or GND
    Warning (13410): Pin "lcd_rw" is stuck at GND
Info (286030): Timing-Driven Synthesis is running
Info (16010): Generating hard_block partition "hard_block:auto_generated_inst"
    Info (16011): Adding 0 node(s), including 0 DDIO, 0 PLL, 0 transceiver and 0 LCELL
Info (21057): Implemented 669 device resources after synthesis - the final resource count might be different
    Info (21058): Implemented 1 input pins
    Info (21059): Implemented 11 output pins
    Info (21060): Implemented 1 bidirectional pins
    Info (21061): Implemented 656 logic cells
Info: Quartus Prime Analysis & Synthesis was successful. 0 errors, 5 warnings
    Info: Peak virtual memory: 445 megabytes
    Info: Processing ended: Tue Jun 13 00:35:53 2023
    Info: Elapsed time: 00:00:06
    Info: Total CPU time (on all processors): 00:00:13


