Flow report for Ultrasound_controller
Wed Jun 14 00:14:24 2023
Quartus Prime Version 21.1.1 Build 850 06/23/2022 SJ Lite Edition


---------------------
; Table of Contents ;
---------------------
  1. Legal Notice
  2. Flow Summary
  3. Flow Settings
  4. Flow Non-Default Global Settings
  5. Flow Elapsed Time
  6. Flow OS Summary
  7. Flow Log
  8. Flow Messages
  9. Flow Suppressed Messages



----------------
; Legal Notice ;
----------------
Copyright (C) 2022  Intel Corporation. All rights reserved.
Your use of Intel Corporation's design tools, logic functions 
and other software and tools, and any partner logic 
functions, and any output files from any of the foregoing 
(including device programming or simulation files), and any 
associated documentation or information are expressly subject 
to the terms and conditions of the Intel Program License 
Subscription Agreement, the Intel Quartus Prime License Agreement,
the Intel FPGA IP License Agreement, or other applicable license
agreement, including, without limitation, that your use is for
the sole purpose of programming logic devices manufactured by
Intel and sold by Intel or its authorized distributors.  Please
refer to the applicable agreement for further details, at
https://fpgasoftware.intel.com/eula.



+----------------------------------------------------------------------------------+
; Flow Summary                                                                     ;
+------------------------------------+---------------------------------------------+
; Flow Status                        ; Successful - Wed Jun 14 00:14:24 2023       ;
; Quartus Prime Version              ; 21.1.1 Build 850 06/23/2022 SJ Lite Edition ;
; Revision Name                      ; Ultrasound_controller                       ;
; Top-level Entity Name              ; ultrasound_reader                           ;
; Family                             ; Cyclone IV E                                ;
; Device                             ; EP4CE22F17C6                                ;
; Timing Models                      ; Final                                       ;
; Total logic elements               ; 914 / 22,320 ( 4 % )                        ;
;     Total combinational functions  ; 873 / 22,320 ( 4 % )                        ;
;     Dedicated logic registers      ; 407 / 22,320 ( 2 % )                        ;
; Total registers                    ; 407                                         ;
; Total pins                         ; 15 / 154 ( 10 % )                           ;
; Total virtual pins                 ; 0                                           ;
; Total memory bits                  ; 0 / 608,256 ( 0 % )                         ;
; Embedded Multiplier 9-bit elements ; 0 / 132 ( 0 % )                             ;
; Total PLLs                         ; 0 / 4 ( 0 % )                               ;
+------------------------------------+---------------------------------------------+


+-------------------------------------------+
; Flow Settings                             ;
+-------------------+-----------------------+
; Option            ; Setting               ;
+-------------------+-----------------------+
; Start date & time ; 06/14/2023 00:14:06   ;
; Main task         ; Compilation           ;
; Revision Name     ; Ultrasound_controller ;
+-------------------+-----------------------+


+------------------------------------------------------------------------------------------------------------------------------------------------------------------+
; Flow Non-Default Global Settings                                                                                                                                 ;
+--------------------------------------+-----------------------------------------------+-----------------------+-------------------+-------------------------------+
; Assignment Name                      ; Value                                         ; Default Value         ; Entity Name       ; Section Id                    ;
+--------------------------------------+-----------------------------------------------+-----------------------+-------------------+-------------------------------+
; COMPILER_SIGNATURE_ID                ; 284420849182.168669444620804                  ; --                    ; --                ; --                            ;
; EDA_DESIGN_INSTANCE_NAME             ; i1                                            ; --                    ; --                ; ultrasound_controller_vhd_tst ;
; EDA_NATIVELINK_SIMULATION_TEST_BENCH ; ultrasound_controller_vhd_tst                 ; --                    ; --                ; eda_simulation                ;
; EDA_OUTPUT_DATA_FORMAT               ; Vhdl                                          ; --                    ; --                ; eda_simulation                ;
; EDA_SIMULATION_TOOL                  ; Questa Intel FPGA (VHDL)                      ; <None>                ; --                ; --                            ;
; EDA_TEST_BENCH_ENABLE_STATUS         ; TEST_BENCH_MODE                               ; --                    ; --                ; eda_simulation                ;
; EDA_TEST_BENCH_FILE                  ; simulation/modelsim/ultrasound_controller.vht ; --                    ; --                ; ultrasound_controller_vhd_tst ;
; EDA_TEST_BENCH_MODULE_NAME           ; ultrasound_controller_vhd_tst                 ; --                    ; --                ; ultrasound_controller_vhd_tst ;
; EDA_TEST_BENCH_NAME                  ; ultrasound_controller_vhd_tst                 ; --                    ; --                ; eda_simulation                ;
; EDA_TEST_BENCH_RUN_SIM_FOR           ; 10 ms                                         ; --                    ; --                ; ultrasound_controller_vhd_tst ;
; ENABLE_SIGNALTAP                     ; Off                                           ; --                    ; --                ; --                            ;
; MAX_CORE_JUNCTION_TEMP               ; 85                                            ; --                    ; --                ; --                            ;
; MIN_CORE_JUNCTION_TEMP               ; 0                                             ; --                    ; --                ; --                            ;
; NOMINAL_CORE_SUPPLY_VOLTAGE          ; 1.2V                                          ; --                    ; --                ; --                            ;
; PARTITION_COLOR                      ; -- (Not supported for targeted family)        ; --                    ; ultrasound_reader ; Top                           ;
; PARTITION_FITTER_PRESERVATION_LEVEL  ; -- (Not supported for targeted family)        ; --                    ; ultrasound_reader ; Top                           ;
; PARTITION_NETLIST_TYPE               ; -- (Not supported for targeted family)        ; --                    ; ultrasound_reader ; Top                           ;
; POWER_BOARD_THERMAL_MODEL            ; None (CONSERVATIVE)                           ; --                    ; --                ; --                            ;
; POWER_PRESET_COOLING_SOLUTION        ; 23 MM HEAT SINK WITH 200 LFPM AIRFLOW         ; --                    ; --                ; --                            ;
; SEARCH_PATH                          ; block/                                        ; --                    ; --                ; --                            ;
; SEARCH_PATH                          ; simulation/                                   ; --                    ; --                ; --                            ;
; SEARCH_PATH                          ; vhdl/                                         ; --                    ; --                ; --                            ;
; TOP_LEVEL_ENTITY                     ; ultrasound_reader                             ; Ultrasound_controller ; --                ; --                            ;
; USE_SIGNALTAP_FILE                   ; simulation/stp1.stp                           ; --                    ; --                ; --                            ;
+--------------------------------------+-----------------------------------------------+-----------------------+-------------------+-------------------------------+


+--------------------------------------------------------------------------------------------------------------------------+
; Flow Elapsed Time                                                                                                        ;
+----------------------+--------------+-------------------------+---------------------+------------------------------------+
; Module Name          ; Elapsed Time ; Average Processors Used ; Peak Virtual Memory ; Total CPU Time (on all processors) ;
+----------------------+--------------+-------------------------+---------------------+------------------------------------+
; Analysis & Synthesis ; 00:00:06     ; 1.0                     ; 448 MB              ; 00:00:13                           ;
; Fitter               ; 00:00:05     ; 1.1                     ; 1052 MB             ; 00:00:08                           ;
; Assembler            ; 00:00:01     ; 1.0                     ; 361 MB              ; 00:00:01                           ;
; Timing Analyzer      ; 00:00:01     ; 1.1                     ; 516 MB              ; 00:00:01                           ;
; EDA Netlist Writer   ; 00:00:01     ; 1.0                     ; 625 MB              ; 00:00:01                           ;
; Total                ; 00:00:14     ; --                      ; --                  ; 00:00:24                           ;
+----------------------+--------------+-------------------------+---------------------+------------------------------------+


+------------------------------------------------------------------------------------+
; Flow OS Summary                                                                    ;
+----------------------+------------------+------------+------------+----------------+
; Module Name          ; Machine Hostname ; OS Name    ; OS Version ; Processor type ;
+----------------------+------------------+------------+------------+----------------+
; Analysis & Synthesis ; arch-ludwig      ; Arch Linux ; Arch Linux ; x86_64         ;
; Fitter               ; arch-ludwig      ; Arch Linux ; Arch Linux ; x86_64         ;
; Assembler            ; arch-ludwig      ; Arch Linux ; Arch Linux ; x86_64         ;
; Timing Analyzer      ; arch-ludwig      ; Arch Linux ; Arch Linux ; x86_64         ;
; EDA Netlist Writer   ; arch-ludwig      ; Arch Linux ; Arch Linux ; x86_64         ;
+----------------------+------------------+------------+------------+----------------+


------------
; Flow Log ;
------------
quartus_map --read_settings_files=on --write_settings_files=off Ultrasound_controller -c Ultrasound_controller
quartus_fit --read_settings_files=off --write_settings_files=off Ultrasound_controller -c Ultrasound_controller
quartus_asm --read_settings_files=off --write_settings_files=off Ultrasound_controller -c Ultrasound_controller
quartus_sta Ultrasound_controller -c Ultrasound_controller
quartus_eda --read_settings_files=off --write_settings_files=off Ultrasound_controller -c Ultrasound_controller



